2019-01-06 23:01:42,817 - Assistant - INFO - Assistant init!
2019-01-06 23:02:02,469 - Assistant - DEBUG - RecMsg from ³ÂÓÐÇ®£ºCMD:List 
2019-01-06 23:02:07,206 - Assistant - DEBUG - RecMsg from ³ÂÓÐÇ®£º1 
2019-01-06 23:02:12,682 - Assistant - DEBUG - RecMsg from ³ÂÓÐÇ®£ºCMD:List 
2019-01-06 23:02:12,683 - Assistant.Bookkeeper - INFO - Processer Bookkeeper rec CMD:List
2019-01-06 23:02:16,866 - Assistant - DEBUG - RecMsg from ³ÂÓÐÇ®£º1 
2019-01-06 23:02:16,867 - Assistant.Bookkeeper - INFO - Processer Bookkeeper rec 1
2019-01-06 23:02:37,643 - Assistant - DEBUG - RecMsg from ³ÂÓÐÇ®£º2 
2019-01-06 23:02:37,643 - Assistant.Bookkeeper - INFO - Processer Bookkeeper rec 2
2019-01-06 23:02:49,376 - Assistant - DEBUG - RecMsg from ³ÂÓÐÇ®£º3 
2019-01-06 23:02:49,376 - Assistant.Bookkeeper - INFO - Processer Bookkeeper rec 3
2019-01-06 23:03:01,234 - Assistant - DEBUG - RecMsg from ³ÂÓÐÇ®£º4 
2019-01-06 23:03:01,235 - Assistant.Bookkeeper - INFO - Processer Bookkeeper rec 4
2019-01-06 23:03:09,175 - Assistant - DEBUG - RecMsg from ³ÂÓÐÇ®£ºCMD:Init 
2019-01-06 23:03:13,844 - Assistant - DEBUG - RecMsg from ³ÂÓÐÇ®£ºCMD:List 
2019-01-06 23:03:19,885 - Assistant - DEBUG - RecMsg from ³ÂÓÐÇ®£º1 
2019-01-06 23:03:30,930 - Assistant - DEBUG - RecMsg from ³ÂÓÐÇ®£ºCMD:Init 
2019-01-06 23:03:37,735 - Assistant - DEBUG - RecMsg from ³ÂÓÐÇ®£ºCMD:List 
2019-01-06 23:03:41,075 - Assistant - DEBUG - RecMsg from ³ÂÓÐÇ®£º2 
2019-01-06 23:03:50,883 - Assistant - DEBUG - RecMsg from ³ÂÓÐÇ®£º2 
2019-01-06 23:03:50,883 - Assistant.Ebbinghaus - INFO - Processer Ebbinghaus rec 2
